Unity Editor version:    2021.3.16f1 (4016570cf34f)
Branch:                  2021.3/staging
Build type:              Release
Batch mode:              YES
macOS version:           Version 13.2.1 (Build 22D68)
Darwin version:          22.3.0
Architecture:            arm64
Running under Rosetta:   NO
Available memory:        8192 MB
Using pre-set license
Pro License: YES

COMMAND LINE ARGUMENTS:
/Applications/Unity/Hub/Editor/2021.3.16f1/Unity.app/Contents/MacOS/Unity
-adb2
-batchMode
-noUpm
-name
AssetImportWorker0
-projectPath
/Users/fabian/Projects/25/25
-logFile
Logs/AssetImportWorker0.log
-srvPort
50912
Successfully changed project path to: /Users/fabian/Projects/25/25
/Users/fabian/Projects/25/25
[UnityMemory] Configuration Parameters - Can be set up in boot.config
    "memorysetup-bucket-allocator-granularity=16"
    "memorysetup-bucket-allocator-bucket-count=8"
    "memorysetup-bucket-allocator-block-size=33554432"
    "memorysetup-bucket-allocator-block-count=8"
    "memorysetup-main-allocator-block-size=16777216"
    "memorysetup-thread-allocator-block-size=16777216"
    "memorysetup-gfx-main-allocator-block-size=16777216"
    "memorysetup-gfx-thread-allocator-block-size=16777216"
    "memorysetup-cache-allocator-block-size=4194304"
    "memorysetup-typetree-allocator-block-size=2097152"
    "memorysetup-profiler-bucket-allocator-granularity=16"
    "memorysetup-profiler-bucket-allocator-bucket-count=8"
    "memorysetup-profiler-bucket-allocator-block-size=33554432"
    "memorysetup-profiler-bucket-allocator-block-count=8"
    "memorysetup-profiler-allocator-block-size=16777216"
    "memorysetup-profiler-editor-allocator-block-size=1048576"
    "memorysetup-temp-allocator-size-main=16777216"
    "memorysetup-job-temp-allocator-block-size=2097152"
    "memorysetup-job-temp-allocator-block-size-background=1048576"
    "memorysetup-job-temp-allocator-reduction-small-platforms=262144"
    "memorysetup-temp-allocator-size-background-worker=32768"
    "memorysetup-temp-allocator-size-job-worker=262144"
    "memorysetup-temp-allocator-size-preload-manager=33554432"
    "memorysetup-temp-allocator-size-nav-mesh-worker=65536"
    "memorysetup-temp-allocator-size-audio-worker=65536"
    "memorysetup-temp-allocator-size-cloud-worker=32768"
    "memorysetup-temp-allocator-size-gi-baking-worker=262144"
    "memorysetup-temp-allocator-size-gfx=262144"
Player connection [8318878016] Host "[IP] 192.168.100.148 [Port] 0 [Flags] 2 [Guid] 12833951 [EditorId] 12833951 [Version] 1048832 [Id] OSXEditor(0,Fabians-MacBook-Air.local) [Debug] 1 [PackageName] OSXEditor [ProjectName] Editor" joined multi-casting on [225.0.0.222:54997]...

Player connection [8318878016] Host "[IP] 192.168.100.148 [Port] 0 [Flags] 2 [Guid] 12833951 [EditorId] 12833951 [Version] 1048832 [Id] OSXEditor(0,Fabians-MacBook-Air.local) [Debug] 1 [PackageName] OSXEditor [ProjectName] Editor" joined alternative multi-casting on [225.0.0.222:34997]...

Refreshing native plugins compatible for Editor in 63.31 ms, found 3 plugins.
Preloading 0 native plugins for Editor in 0.00 ms.
Initialize engine version: 2021.3.16f1 (4016570cf34f)
[Subsystems] Discovering subsystems at path /Applications/Unity/Hub/Editor/2021.3.16f1/Unity.app/Contents/Resources/UnitySubsystems
[Subsystems] Discovering subsystems at path /Users/fabian/Projects/25/25/Assets
GfxDevice: creating device client; threaded=0; jobified=0
 preferred device: Apple M2 (high power)
Metal devices available: 1
0: Apple M2 (high power)
Using device Apple M2 (high power)
Initializing Metal device caps: Apple M2
Initialize mono
Mono path[0] = '/Applications/Unity/Hub/Editor/2021.3.16f1/Unity.app/Contents/Managed'
Mono path[1] = '/Applications/Unity/Hub/Editor/2021.3.16f1/Unity.app/Contents/MonoBleedingEdge/lib/mono/unityjit-macos'
Mono config path = '/Applications/Unity/Hub/Editor/2021.3.16f1/Unity.app/Contents/MonoBleedingEdge/etc'
Using monoOptions --debugger-agent=transport=dt_socket,embedding=1,server=y,suspend=n,address=127.0.0.1:56610
Begin MonoManager ReloadAssembly
Registering precompiled unity dll's ...
Register platform support module: /Applications/Unity/Hub/Editor/2021.3.16f1/PlaybackEngines/WebGLSupport/UnityEditor.WebGL.Extensions.dll
Register platform support module: /Applications/Unity/Hub/Editor/2021.3.16f1/Unity.app/Contents/PlaybackEngines/MacStandaloneSupport/UnityEditor.OSXStandalone.Extensions.dll
Registered in 0.001119 seconds.
Native extension for OSXStandalone target not found
Native extension for WebGL target not found
Refreshing native plugins compatible for Editor in 64.78 ms, found 3 plugins.
Preloading 0 native plugins for Editor in 0.00 ms.
Mono: successfully reloaded assembly
- Completed reload, in  0.405 seconds
Domain Reload Profiling:
	ReloadAssembly (406ms)
		BeginReloadAssembly (61ms)
			ExecutionOrderSort (0ms)
			DisableScriptedObjects (0ms)
			BackupInstance (0ms)
			ReleaseScriptingObjects (0ms)
			CreateAndSetChildDomain (0ms)
		EndReloadAssembly (286ms)
			LoadAssemblies (61ms)
			RebuildTransferFunctionScriptingTraits (0ms)
			SetupTypeCache (62ms)
			ReleaseScriptCaches (0ms)
			RebuildScriptCaches (18ms)
			SetupLoadedEditorAssemblies (181ms)
				LogAssemblyErrors (0ms)
				InitializePlatformSupportModulesInManaged (3ms)
				SetLoadedEditorAssemblies (0ms)
				RefreshPlugins (65ms)
				BeforeProcessingInitializeOnLoad (1ms)
				ProcessInitializeOnLoadAttributes (91ms)
				ProcessInitializeOnLoadMethodAttributes (21ms)
				AfterProcessingInitializeOnLoad (0ms)
				EditorAssembliesLoaded (0ms)
			ExecutionOrderSort2 (0ms)
			AwakeInstancesAfterBackupRestoration (0ms)
Platform modules already initialized, skipping
Registering precompiled user dll's ...
Registered in 0.002161 seconds.
Begin MonoManager ReloadAssembly
Symbol file LoadedFromMemory doesn't match image /Users/fabian/Projects/25/25/Library/PackageCache/com.unity.visualscripting@1.7.8/Editor/VisualScripting.Core/Dependencies/YamlDotNet/Unity.VisualScripting.YamlDotNet.dll
Symbol file LoadedFromMemory doesn't match image /Users/fabian/Projects/25/25/Library/PackageCache/com.unity.visualscripting@1.7.8/Editor/VisualScripting.Core/Dependencies/DotNetZip/Unity.VisualScripting.IonicZip.dll
Native extension for OSXStandalone target not found
Native extension for WebGL target not found
Refreshing native plugins compatible for Editor in 65.12 ms, found 3 plugins.
Preloading 0 native plugins for Editor in 0.00 ms.
Mono: successfully reloaded assembly
- Completed reload, in  0.699 seconds
Domain Reload Profiling:
	ReloadAssembly (700ms)
		BeginReloadAssembly (54ms)
			ExecutionOrderSort (0ms)
			DisableScriptedObjects (3ms)
			BackupInstance (0ms)
			ReleaseScriptingObjects (0ms)
			CreateAndSetChildDomain (15ms)
		EndReloadAssembly (581ms)
			LoadAssemblies (66ms)
			RebuildTransferFunctionScriptingTraits (0ms)
			SetupTypeCache (150ms)
			ReleaseScriptCaches (0ms)
			RebuildScriptCaches (37ms)
			SetupLoadedEditorAssemblies (302ms)
				LogAssemblyErrors (0ms)
				InitializePlatformSupportModulesInManaged (2ms)
				SetLoadedEditorAssemblies (0ms)
				RefreshPlugins (65ms)
				BeforeProcessingInitializeOnLoad (53ms)
				ProcessInitializeOnLoadAttributes (160ms)
				ProcessInitializeOnLoadMethodAttributes (21ms)
				AfterProcessingInitializeOnLoad (1ms)
				EditorAssembliesLoaded (0ms)
			ExecutionOrderSort2 (0ms)
			AwakeInstancesAfterBackupRestoration (2ms)
Platform modules already initialized, skipping
========================================================================
Worker process is ready to serve import requests
Launching external process: /Applications/Unity/Hub/Editor/2021.3.16f1/Unity.app/Contents/Tools/UnityShaderCompiler
Launched and connected shader compiler UnityShaderCompiler after 0.05 seconds
Refreshing native plugins compatible for Editor in 0.54 ms, found 3 plugins.
Preloading 0 native plugins for Editor in 0.00 ms.
Unloading 4211 Unused Serialized files (Serialized files now loaded: 0)
Unloading 57 unused Assets / (240.5 KB). Loaded Objects now: 4661.
Memory consumption went from 151.4 MB to 151.2 MB.
Total: 2.718334 ms (FindLiveObjects: 0.149083 ms CreateObjectMapping: 0.070500 ms MarkObjects: 2.375292 ms  DeleteObjects: 0.122833 ms)

AssetImportParameters requested are different than current active one (requested -> active):
  custom:video-decoder-ogg-theora: a1e56fd34408186e4bbccfd4996cb3dc -> 
  custom:container-muxer-webm: aa71ff27fc2769a1b78a27578f13a17b -> 
  custom:container-demuxer-webm: 4f35f7cbe854078d1ac9338744f61a02 -> 
  custom:video-encoder-webm-vp8: eb34c28f22e8b96e1ab97ce403110664 -> 
  custom:framework-osx-AVFoundation: e770b220cccbd017edd2c1fefb359320 -> 
  custom:audio-encoder-webm-vorbis: bf7c407c2cedff20999df2af8eb42d56 -> 
  custom:container-demuxer-ogg: 62fdf1f143b41e24485cea50d1cbac27 -> 
  custom:video-decoder-webm-vp8: 9c59270c3fd7afecdb556c50c9e8de78 -> 
  custom:audio-decoder-ogg-vorbis: bf7c407c2cedff20999df2af8eb42d56 -> 
========================================================================
Received Import Request.
  Time since last request: 166932.830403 seconds.
  path: Assets/Art/Environment/BD_Stuff/cakeSlice-Sheet.png
  artifactKey: Guid(363429c4e6ae5404eb4ef0b2785c731c) Importer(815301076,1909f56bfc062723c751e8b465ee728b)
Start importing Assets/Art/Environment/BD_Stuff/cakeSlice-Sheet.png using Guid(363429c4e6ae5404eb4ef0b2785c731c) Importer(815301076,1909f56bfc062723c751e8b465ee728b)  -> (artifact id: 'f5ebda7a61dbe175398bb58f734b53e7') in 0.085959 seconds 
========================================================================
Received Import Request.
  Time since last request: 9.029818 seconds.
  path: Assets/Art/Environment/BD_Stuff/cakeSlice-Sheet.png
  artifactKey: Guid(363429c4e6ae5404eb4ef0b2785c731c) Importer(815301076,1909f56bfc062723c751e8b465ee728b)
Start importing Assets/Art/Environment/BD_Stuff/cakeSlice-Sheet.png using Guid(363429c4e6ae5404eb4ef0b2785c731c) Importer(815301076,1909f56bfc062723c751e8b465ee728b)  -> (artifact id: '0fc85b6652c6c070d9b38ec14622a89f') in 0.030420 seconds 
========================================================================
Received Import Request.
  Time since last request: 21.386104 seconds.
  path: Assets/Art/Environment/BD_Stuff/cakeSlice-Sheet.png
  artifactKey: Guid(363429c4e6ae5404eb4ef0b2785c731c) Importer(815301076,1909f56bfc062723c751e8b465ee728b)
Start importing Assets/Art/Environment/BD_Stuff/cakeSlice-Sheet.png using Guid(363429c4e6ae5404eb4ef0b2785c731c) Importer(815301076,1909f56bfc062723c751e8b465ee728b)  -> (artifact id: '9c74868af12d87604cee4a7dbfeaa7c2') in 0.012057 seconds 
========================================================================
Received Import Request.
  Time since last request: 84.013695 seconds.
  path: Assets/Art/Environment/BD_Stuff/cakeSlice-Sheet.png
  artifactKey: Guid(363429c4e6ae5404eb4ef0b2785c731c) Importer(815301076,1909f56bfc062723c751e8b465ee728b)
Start importing Assets/Art/Environment/BD_Stuff/cakeSlice-Sheet.png using Guid(363429c4e6ae5404eb4ef0b2785c731c) Importer(815301076,1909f56bfc062723c751e8b465ee728b)  -> (artifact id: 'c869f8c52732fdbf22d6b832b5f07f93') in 0.012336 seconds 
========================================================================
Received Import Request.
  Time since last request: 35.115897 seconds.
  path: Assets/Art/Environment/BD_Stuff/cakeSlice-Sheet.png
  artifactKey: Guid(363429c4e6ae5404eb4ef0b2785c731c) Importer(815301076,1909f56bfc062723c751e8b465ee728b)
Start importing Assets/Art/Environment/BD_Stuff/cakeSlice-Sheet.png using Guid(363429c4e6ae5404eb4ef0b2785c731c) Importer(815301076,1909f56bfc062723c751e8b465ee728b)  -> (artifact id: 'eb5c3b3352b0b8b594ece009d7be0ecf') in 0.011321 seconds 
========================================================================
Received Import Request.
  Time since last request: 88.658918 seconds.
  path: Assets/Prefabs/Player.prefab
  artifactKey: Guid(07dde5fe04d7147cea8dd1a04d699ef5) Importer(815301076,1909f56bfc062723c751e8b465ee728b)
Start importing Assets/Prefabs/Player.prefab using Guid(07dde5fe04d7147cea8dd1a04d699ef5) Importer(815301076,1909f56bfc062723c751e8b465ee728b)  -> (artifact id: '9abc4d2fc72ada9111a6ac7ff44daeb2') in 0.097411 seconds 
========================================================================
Received Import Request.
  Time since last request: 2.803399 seconds.
  path: Assets/Prefabs/Actionables/Scores/Candle.prefab
  artifactKey: Guid(07c6356f856db41a7863b2dcf8928ff8) Importer(815301076,1909f56bfc062723c751e8b465ee728b)
Start importing Assets/Prefabs/Actionables/Scores/Candle.prefab using Guid(07c6356f856db41a7863b2dcf8928ff8) Importer(815301076,1909f56bfc062723c751e8b465ee728b)  -> (artifact id: '8447848a72a254e9cfe16cbbe0272113') in 0.011155 seconds 
========================================================================
Received Import Request.
  Time since last request: 3.018005 seconds.
  path: Assets/Prefabs/Actionables/Scores/cakeSlice.prefab
  artifactKey: Guid(f0940bfde50554ff2aa0b1612c309d54) Importer(815301076,1909f56bfc062723c751e8b465ee728b)
Start importing Assets/Prefabs/Actionables/Scores/cakeSlice.prefab using Guid(f0940bfde50554ff2aa0b1612c309d54) Importer(815301076,1909f56bfc062723c751e8b465ee728b) The Animator Controller (cakeSlice-Sheet_0) you have used is not valid. Animations will not play
UnityEngine.StackTraceUtility:ExtractStackTrace () (at /Users/bokken/build/output/unity/unity/Runtime/Export/Scripting/StackTrace.cs:37)
UnityEditor.EditorUtility:Internal_InstantiateRemoveAllNonAnimationComponentsSingle (UnityEngine.Object,UnityEngine.Vector3,UnityEngine.Quaternion)
UnityEditor.EditorUtility:InstantiateRemoveAllNonAnimationComponents (UnityEngine.Object,UnityEngine.Vector3,UnityEngine.Quaternion) (at /Users/bokken/build/output/unity/unity/Editor/Mono/EditorUtility.cs:649)
UnityEditor.EditorUtility:InstantiateForAnimatorPreview (UnityEngine.Object) (at /Users/bokken/build/output/unity/unity/Editor/Mono/EditorUtility.cs:615)
UnityEditor.GameObjectInspector/PreviewData:UpdateGameObject (UnityEngine.Object) (at /Users/bokken/build/output/unity/unity/Editor/Mono/Inspector/GameObjectInspector.cs:101)
UnityEditor.GameObjectInspector/PreviewData:.ctor (UnityEngine.Object) (at /Users/bokken/build/output/unity/unity/Editor/Mono/Inspector/GameObjectInspector.cs:95)
UnityEditor.GameObjectInspector:GetPreviewData () (at /Users/bokken/build/output/unity/unity/Editor/Mono/Inspector/GameObjectInspector.cs:677)
UnityEditor.GameObjectInspector:RenderStaticPreview (string,UnityEngine.Object[],int,int) (at /Users/bokken/build/output/unity/unity/Editor/Mono/Inspector/GameObjectInspector.cs:887)
UnityEditor.AssetPreviewUpdater:CreatePreview (UnityEngine.Object,UnityEngine.Object[],string,int,int) (at /Users/bokken/build/output/unity/unity/Editor/Mono/AssetPreviewUpdater.cs:38)
UnityEditor.AssetPreviewUpdater:CreatePreviewForAsset (UnityEngine.Object,UnityEngine.Object[],string) (at /Users/bokken/build/output/unity/unity/Editor/Mono/AssetPreviewUpdater.cs:9)

[/Users/bokken/build/output/unity/unity/Runtime/Export/Scripting/StackTrace.cs line 37]

The Animator Controller (cakeSlice-Sheet_0) you have used is not valid. Animations will not play
UnityEngine.StackTraceUtility:ExtractStackTrace () (at /Users/bokken/build/output/unity/unity/Runtime/Export/Scripting/StackTrace.cs:37)
UnityEditor.EditorUtility:InitInstantiatedPreviewRecursive (UnityEngine.GameObject) (at /Users/bokken/build/output/unity/unity/Editor/Mono/EditorUtility.cs:604)
UnityEditor.EditorUtility:InstantiateForAnimatorPreview (UnityEngine.Object) (at /Users/bokken/build/output/unity/unity/Editor/Mono/EditorUtility.cs:618)
UnityEditor.GameObjectInspector/PreviewData:UpdateGameObject (UnityEngine.Object) (at /Users/bokken/build/output/unity/unity/Editor/Mono/Inspector/GameObjectInspector.cs:101)
UnityEditor.GameObjectInspector/PreviewData:.ctor (UnityEngine.Object) (at /Users/bokken/build/output/unity/unity/Editor/Mono/Inspector/GameObjectInspector.cs:95)
UnityEditor.GameObjectInspector:GetPreviewData () (at /Users/bokken/build/output/unity/unity/Editor/Mono/Inspector/GameObjectInspector.cs:677)
UnityEditor.GameObjectInspector:RenderStaticPreview (string,UnityEngine.Object[],int,int) (at /Users/bokken/build/output/unity/unity/Editor/Mono/Inspector/GameObjectInspector.cs:887)
UnityEditor.AssetPreviewUpdater:CreatePreview (UnityEngine.Object,UnityEngine.Object[],string,int,int) (at /Users/bokken/build/output/unity/unity/Editor/Mono/AssetPreviewUpdater.cs:38)
UnityEditor.AssetPreviewUpdater:CreatePreviewForAsset (UnityEngine.Object,UnityEngine.Object[],string) (at /Users/bokken/build/output/unity/unity/Editor/Mono/AssetPreviewUpdater.cs:9)

[/Users/bokken/build/output/unity/unity/Runtime/Export/Scripting/StackTrace.cs line 37]

 -> (artifact id: '738fc7e999cc347e08ab6a6d1adc7450') in 0.006044 seconds 
========================================================================
Received Import Request.
  Time since last request: 54.103956 seconds.
  path: Assets/Prefabs/Actionables/Scores/cakeSlice.prefab
  artifactKey: Guid(f0940bfde50554ff2aa0b1612c309d54) Importer(815301076,1909f56bfc062723c751e8b465ee728b)
Start importing Assets/Prefabs/Actionables/Scores/cakeSlice.prefab using Guid(f0940bfde50554ff2aa0b1612c309d54) Importer(815301076,1909f56bfc062723c751e8b465ee728b) The Animator Controller (cakeSlice-Sheet_0) you have used is not valid. Animations will not play
UnityEngine.StackTraceUtility:ExtractStackTrace () (at /Users/bokken/build/output/unity/unity/Runtime/Export/Scripting/StackTrace.cs:37)
UnityEditor.EditorUtility:Internal_InstantiateRemoveAllNonAnimationComponentsSingle (UnityEngine.Object,UnityEngine.Vector3,UnityEngine.Quaternion)
UnityEditor.EditorUtility:InstantiateRemoveAllNonAnimationComponents (UnityEngine.Object,UnityEngine.Vector3,UnityEngine.Quaternion) (at /Users/bokken/build/output/unity/unity/Editor/Mono/EditorUtility.cs:649)
UnityEditor.EditorUtility:InstantiateForAnimatorPreview (UnityEngine.Object) (at /Users/bokken/build/output/unity/unity/Editor/Mono/EditorUtility.cs:615)
UnityEditor.GameObjectInspector/PreviewData:UpdateGameObject (UnityEngine.Object) (at /Users/bokken/build/output/unity/unity/Editor/Mono/Inspector/GameObjectInspector.cs:101)
UnityEditor.GameObjectInspector/PreviewData:.ctor (UnityEngine.Object) (at /Users/bokken/build/output/unity/unity/Editor/Mono/Inspector/GameObjectInspector.cs:95)
UnityEditor.GameObjectInspector:GetPreviewData () (at /Users/bokken/build/output/unity/unity/Editor/Mono/Inspector/GameObjectInspector.cs:677)
UnityEditor.GameObjectInspector:RenderStaticPreview (string,UnityEngine.Object[],int,int) (at /Users/bokken/build/output/unity/unity/Editor/Mono/Inspector/GameObjectInspector.cs:887)
UnityEditor.AssetPreviewUpdater:CreatePreview (UnityEngine.Object,UnityEngine.Object[],string,int,int) (at /Users/bokken/build/output/unity/unity/Editor/Mono/AssetPreviewUpdater.cs:38)
UnityEditor.AssetPreviewUpdater:CreatePreviewForAsset (UnityEngine.Object,UnityEngine.Object[],string) (at /Users/bokken/build/output/unity/unity/Editor/Mono/AssetPreviewUpdater.cs:9)

[/Users/bokken/build/output/unity/unity/Runtime/Export/Scripting/StackTrace.cs line 37]

The Animator Controller (cakeSlice-Sheet_0) you have used is not valid. Animations will not play
UnityEngine.StackTraceUtility:ExtractStackTrace () (at /Users/bokken/build/output/unity/unity/Runtime/Export/Scripting/StackTrace.cs:37)
UnityEditor.EditorUtility:InitInstantiatedPreviewRecursive (UnityEngine.GameObject) (at /Users/bokken/build/output/unity/unity/Editor/Mono/EditorUtility.cs:604)
UnityEditor.EditorUtility:InstantiateForAnimatorPreview (UnityEngine.Object) (at /Users/bokken/build/output/unity/unity/Editor/Mono/EditorUtility.cs:618)
UnityEditor.GameObjectInspector/PreviewData:UpdateGameObject (UnityEngine.Object) (at /Users/bokken/build/output/unity/unity/Editor/Mono/Inspector/GameObjectInspector.cs:101)
UnityEditor.GameObjectInspector/PreviewData:.ctor (UnityEngine.Object) (at /Users/bokken/build/output/unity/unity/Editor/Mono/Inspector/GameObjectInspector.cs:95)
UnityEditor.GameObjectInspector:GetPreviewData () (at /Users/bokken/build/output/unity/unity/Editor/Mono/Inspector/GameObjectInspector.cs:677)
UnityEditor.GameObjectInspector:RenderStaticPreview (string,UnityEngine.Object[],int,int) (at /Users/bokken/build/output/unity/unity/Editor/Mono/Inspector/GameObjectInspector.cs:887)
UnityEditor.AssetPreviewUpdater:CreatePreview (UnityEngine.Object,UnityEngine.Object[],string,int,int) (at /Users/bokken/build/output/unity/unity/Editor/Mono/AssetPreviewUpdater.cs:38)
UnityEditor.AssetPreviewUpdater:CreatePreviewForAsset (UnityEngine.Object,UnityEngine.Object[],string) (at /Users/bokken/build/output/unity/unity/Editor/Mono/AssetPreviewUpdater.cs:9)

[/Users/bokken/build/output/unity/unity/Runtime/Export/Scripting/StackTrace.cs line 37]

 -> (artifact id: 'ff6beaaafefe7f1efb88327b3d57e6c5') in 0.010575 seconds 
========================================================================
Received Import Request.
  Time since last request: 15.047325 seconds.
  path: Assets/Prefabs/Actionables/Scores/cakeSlice.prefab
  artifactKey: Guid(f0940bfde50554ff2aa0b1612c309d54) Importer(815301076,1909f56bfc062723c751e8b465ee728b)
Start importing Assets/Prefabs/Actionables/Scores/cakeSlice.prefab using Guid(f0940bfde50554ff2aa0b1612c309d54) Importer(815301076,1909f56bfc062723c751e8b465ee728b) The Animator Controller (cakeSlice-Sheet_0) you have used is not valid. Animations will not play
UnityEngine.StackTraceUtility:ExtractStackTrace () (at /Users/bokken/build/output/unity/unity/Runtime/Export/Scripting/StackTrace.cs:37)
UnityEditor.EditorUtility:Internal_InstantiateRemoveAllNonAnimationComponentsSingle (UnityEngine.Object,UnityEngine.Vector3,UnityEngine.Quaternion)
UnityEditor.EditorUtility:InstantiateRemoveAllNonAnimationComponents (UnityEngine.Object,UnityEngine.Vector3,UnityEngine.Quaternion) (at /Users/bokken/build/output/unity/unity/Editor/Mono/EditorUtility.cs:649)
UnityEditor.EditorUtility:InstantiateForAnimatorPreview (UnityEngine.Object) (at /Users/bokken/build/output/unity/unity/Editor/Mono/EditorUtility.cs:615)
UnityEditor.GameObjectInspector/PreviewData:UpdateGameObject (UnityEngine.Object) (at /Users/bokken/build/output/unity/unity/Editor/Mono/Inspector/GameObjectInspector.cs:101)
UnityEditor.GameObjectInspector/PreviewData:.ctor (UnityEngine.Object) (at /Users/bokken/build/output/unity/unity/Editor/Mono/Inspector/GameObjectInspector.cs:95)
UnityEditor.GameObjectInspector:GetPreviewData () (at /Users/bokken/build/output/unity/unity/Editor/Mono/Inspector/GameObjectInspector.cs:677)
UnityEditor.GameObjectInspector:RenderStaticPreview (string,UnityEngine.Object[],int,int) (at /Users/bokken/build/output/unity/unity/Editor/Mono/Inspector/GameObjectInspector.cs:887)
UnityEditor.AssetPreviewUpdater:CreatePreview (UnityEngine.Object,UnityEngine.Object[],string,int,int) (at /Users/bokken/build/output/unity/unity/Editor/Mono/AssetPreviewUpdater.cs:38)
UnityEditor.AssetPreviewUpdater:CreatePreviewForAsset (UnityEngine.Object,UnityEngine.Object[],string) (at /Users/bokken/build/output/unity/unity/Editor/Mono/AssetPreviewUpdater.cs:9)

[/Users/bokken/build/output/unity/unity/Runtime/Export/Scripting/StackTrace.cs line 37]

The Animator Controller (cakeSlice-Sheet_0) you have used is not valid. Animations will not play
UnityEngine.StackTraceUtility:ExtractStackTrace () (at /Users/bokken/build/output/unity/unity/Runtime/Export/Scripting/StackTrace.cs:37)
UnityEditor.EditorUtility:InitInstantiatedPreviewRecursive (UnityEngine.GameObject) (at /Users/bokken/build/output/unity/unity/Editor/Mono/EditorUtility.cs:604)
UnityEditor.EditorUtility:InstantiateForAnimatorPreview (UnityEngine.Object) (at /Users/bokken/build/output/unity/unity/Editor/Mono/EditorUtility.cs:618)
UnityEditor.GameObjectInspector/PreviewData:UpdateGameObject (UnityEngine.Object) (at /Users/bokken/build/output/unity/unity/Editor/Mono/Inspector/GameObjectInspector.cs:101)
UnityEditor.GameObjectInspector/PreviewData:.ctor (UnityEngine.Object) (at /Users/bokken/build/output/unity/unity/Editor/Mono/Inspector/GameObjectInspector.cs:95)
UnityEditor.GameObjectInspector:GetPreviewData () (at /Users/bokken/build/output/unity/unity/Editor/Mono/Inspector/GameObjectInspector.cs:677)
UnityEditor.GameObjectInspector:RenderStaticPreview (string,UnityEngine.Object[],int,int) (at /Users/bokken/build/output/unity/unity/Editor/Mono/Inspector/GameObjectInspector.cs:887)
UnityEditor.AssetPreviewUpdater:CreatePreview (UnityEngine.Object,UnityEngine.Object[],string,int,int) (at /Users/bokken/build/output/unity/unity/Editor/Mono/AssetPreviewUpdater.cs:38)
UnityEditor.AssetPreviewUpdater:CreatePreviewForAsset (UnityEngine.Object,UnityEngine.Object[],string) (at /Users/bokken/build/output/unity/unity/Editor/Mono/AssetPreviewUpdater.cs:9)

[/Users/bokken/build/output/unity/unity/Runtime/Export/Scripting/StackTrace.cs line 37]

 -> (artifact id: '7e10546ff53bb7a9024c1ac3fb46fc1e') in 0.006173 seconds 
========================================================================
Received Import Request.
  Time since last request: 6.882309 seconds.
  path: Assets/Prefabs/Actionables/Scores/cakeSlice.prefab
  artifactKey: Guid(f0940bfde50554ff2aa0b1612c309d54) Importer(815301076,1909f56bfc062723c751e8b465ee728b)
Start importing Assets/Prefabs/Actionables/Scores/cakeSlice.prefab using Guid(f0940bfde50554ff2aa0b1612c309d54) Importer(815301076,1909f56bfc062723c751e8b465ee728b) The Animator Controller (cakeSlice-Sheet_0) you have used is not valid. Animations will not play
UnityEngine.StackTraceUtility:ExtractStackTrace () (at /Users/bokken/build/output/unity/unity/Runtime/Export/Scripting/StackTrace.cs:37)
UnityEditor.EditorUtility:Internal_InstantiateRemoveAllNonAnimationComponentsSingle (UnityEngine.Object,UnityEngine.Vector3,UnityEngine.Quaternion)
UnityEditor.EditorUtility:InstantiateRemoveAllNonAnimationComponents (UnityEngine.Object,UnityEngine.Vector3,UnityEngine.Quaternion) (at /Users/bokken/build/output/unity/unity/Editor/Mono/EditorUtility.cs:649)
UnityEditor.EditorUtility:InstantiateForAnimatorPreview (UnityEngine.Object) (at /Users/bokken/build/output/unity/unity/Editor/Mono/EditorUtility.cs:615)
UnityEditor.GameObjectInspector/PreviewData:UpdateGameObject (UnityEngine.Object) (at /Users/bokken/build/output/unity/unity/Editor/Mono/Inspector/GameObjectInspector.cs:101)
UnityEditor.GameObjectInspector/PreviewData:.ctor (UnityEngine.Object) (at /Users/bokken/build/output/unity/unity/Editor/Mono/Inspector/GameObjectInspector.cs:95)
UnityEditor.GameObjectInspector:GetPreviewData () (at /Users/bokken/build/output/unity/unity/Editor/Mono/Inspector/GameObjectInspector.cs:677)
UnityEditor.GameObjectInspector:RenderStaticPreview (string,UnityEngine.Object[],int,int) (at /Users/bokken/build/output/unity/unity/Editor/Mono/Inspector/GameObjectInspector.cs:887)
UnityEditor.AssetPreviewUpdater:CreatePreview (UnityEngine.Object,UnityEngine.Object[],string,int,int) (at /Users/bokken/build/output/unity/unity/Editor/Mono/AssetPreviewUpdater.cs:38)
UnityEditor.AssetPreviewUpdater:CreatePreviewForAsset (UnityEngine.Object,UnityEngine.Object[],string) (at /Users/bokken/build/output/unity/unity/Editor/Mono/AssetPreviewUpdater.cs:9)

[/Users/bokken/build/output/unity/unity/Runtime/Export/Scripting/StackTrace.cs line 37]

The Animator Controller (cakeSlice-Sheet_0) you have used is not valid. Animations will not play
UnityEngine.StackTraceUtility:ExtractStackTrace () (at /Users/bokken/build/output/unity/unity/Runtime/Export/Scripting/StackTrace.cs:37)
UnityEditor.EditorUtility:InitInstantiatedPreviewRecursive (UnityEngine.GameObject) (at /Users/bokken/build/output/unity/unity/Editor/Mono/EditorUtility.cs:604)
UnityEditor.EditorUtility:InstantiateForAnimatorPreview (UnityEngine.Object) (at /Users/bokken/build/output/unity/unity/Editor/Mono/EditorUtility.cs:618)
UnityEditor.GameObjectInspector/PreviewData:UpdateGameObject (UnityEngine.Object) (at /Users/bokken/build/output/unity/unity/Editor/Mono/Inspector/GameObjectInspector.cs:101)
UnityEditor.GameObjectInspector/PreviewData:.ctor (UnityEngine.Object) (at /Users/bokken/build/output/unity/unity/Editor/Mono/Inspector/GameObjectInspector.cs:95)
UnityEditor.GameObjectInspector:GetPreviewData () (at /Users/bokken/build/output/unity/unity/Editor/Mono/Inspector/GameObjectInspector.cs:677)
UnityEditor.GameObjectInspector:RenderStaticPreview (string,UnityEngine.Object[],int,int) (at /Users/bokken/build/output/unity/unity/Editor/Mono/Inspector/GameObjectInspector.cs:887)
UnityEditor.AssetPreviewUpdater:CreatePreview (UnityEngine.Object,UnityEngine.Object[],string,int,int) (at /Users/bokken/build/output/unity/unity/Editor/Mono/AssetPreviewUpdater.cs:38)
UnityEditor.AssetPreviewUpdater:CreatePreviewForAsset (UnityEngine.Object,UnityEngine.Object[],string) (at /Users/bokken/build/output/unity/unity/Editor/Mono/AssetPreviewUpdater.cs:9)

[/Users/bokken/build/output/unity/unity/Runtime/Export/Scripting/StackTrace.cs line 37]

 -> (artifact id: 'e0b3a1f669047d558ddca3550fbfeadd') in 0.005550 seconds 
========================================================================
Received Import Request.
  Time since last request: 6.846515 seconds.
  path: Assets/Prefabs/Actionables/Scores/cakeSlice.prefab
  artifactKey: Guid(f0940bfde50554ff2aa0b1612c309d54) Importer(815301076,1909f56bfc062723c751e8b465ee728b)
Start importing Assets/Prefabs/Actionables/Scores/cakeSlice.prefab using Guid(f0940bfde50554ff2aa0b1612c309d54) Importer(815301076,1909f56bfc062723c751e8b465ee728b) The Animator Controller (cakeSlice-Sheet_0) you have used is not valid. Animations will not play
UnityEngine.StackTraceUtility:ExtractStackTrace () (at /Users/bokken/build/output/unity/unity/Runtime/Export/Scripting/StackTrace.cs:37)
UnityEditor.EditorUtility:Internal_InstantiateRemoveAllNonAnimationComponentsSingle (UnityEngine.Object,UnityEngine.Vector3,UnityEngine.Quaternion)
UnityEditor.EditorUtility:InstantiateRemoveAllNonAnimationComponents (UnityEngine.Object,UnityEngine.Vector3,UnityEngine.Quaternion) (at /Users/bokken/build/output/unity/unity/Editor/Mono/EditorUtility.cs:649)
UnityEditor.EditorUtility:InstantiateForAnimatorPreview (UnityEngine.Object) (at /Users/bokken/build/output/unity/unity/Editor/Mono/EditorUtility.cs:615)
UnityEditor.GameObjectInspector/PreviewData:UpdateGameObject (UnityEngine.Object) (at /Users/bokken/build/output/unity/unity/Editor/Mono/Inspector/GameObjectInspector.cs:101)
UnityEditor.GameObjectInspector/PreviewData:.ctor (UnityEngine.Object) (at /Users/bokken/build/output/unity/unity/Editor/Mono/Inspector/GameObjectInspector.cs:95)
UnityEditor.GameObjectInspector:GetPreviewData () (at /Users/bokken/build/output/unity/unity/Editor/Mono/Inspector/GameObjectInspector.cs:677)
UnityEditor.GameObjectInspector:RenderStaticPreview (string,UnityEngine.Object[],int,int) (at /Users/bokken/build/output/unity/unity/Editor/Mono/Inspector/GameObjectInspector.cs:887)
UnityEditor.AssetPreviewUpdater:CreatePreview (UnityEngine.Object,UnityEngine.Object[],string,int,int) (at /Users/bokken/build/output/unity/unity/Editor/Mono/AssetPreviewUpdater.cs:38)
UnityEditor.AssetPreviewUpdater:CreatePreviewForAsset (UnityEngine.Object,UnityEngine.Object[],string) (at /Users/bokken/build/output/unity/unity/Editor/Mono/AssetPreviewUpdater.cs:9)

[/Users/bokken/build/output/unity/unity/Runtime/Export/Scripting/StackTrace.cs line 37]

The Animator Controller (cakeSlice-Sheet_0) you have used is not valid. Animations will not play
UnityEngine.StackTraceUtility:ExtractStackTrace () (at /Users/bokken/build/output/unity/unity/Runtime/Export/Scripting/StackTrace.cs:37)
UnityEditor.EditorUtility:InitInstantiatedPreviewRecursive (UnityEngine.GameObject) (at /Users/bokken/build/output/unity/unity/Editor/Mono/EditorUtility.cs:604)
UnityEditor.EditorUtility:InstantiateForAnimatorPreview (UnityEngine.Object) (at /Users/bokken/build/output/unity/unity/Editor/Mono/EditorUtility.cs:618)
UnityEditor.GameObjectInspector/PreviewData:UpdateGameObject (UnityEngine.Object) (at /Users/bokken/build/output/unity/unity/Editor/Mono/Inspector/GameObjectInspector.cs:101)
UnityEditor.GameObjectInspector/PreviewData:.ctor (UnityEngine.Object) (at /Users/bokken/build/output/unity/unity/Editor/Mono/Inspector/GameObjectInspector.cs:95)
UnityEditor.GameObjectInspector:GetPreviewData () (at /Users/bokken/build/output/unity/unity/Editor/Mono/Inspector/GameObjectInspector.cs:677)
UnityEditor.GameObjectInspector:RenderStaticPreview (string,UnityEngine.Object[],int,int) (at /Users/bokken/build/output/unity/unity/Editor/Mono/Inspector/GameObjectInspector.cs:887)
UnityEditor.AssetPreviewUpdater:CreatePreview (UnityEngine.Object,UnityEngine.Object[],string,int,int) (at /Users/bokken/build/output/unity/unity/Editor/Mono/AssetPreviewUpdater.cs:38)
UnityEditor.AssetPreviewUpdater:CreatePreviewForAsset (UnityEngine.Object,UnityEngine.Object[],string) (at /Users/bokken/build/output/unity/unity/Editor/Mono/AssetPreviewUpdater.cs:9)

[/Users/bokken/build/output/unity/unity/Runtime/Export/Scripting/StackTrace.cs line 37]

 -> (artifact id: '930efec0f9f46404559664a72d5c8e11') in 0.005669 seconds 
========================================================================
Received Import Request.
  Time since last request: 2.827950 seconds.
  path: Assets/Prefabs/Actionables/Scores/cakeSlice.prefab
  artifactKey: Guid(f0940bfde50554ff2aa0b1612c309d54) Importer(815301076,1909f56bfc062723c751e8b465ee728b)
Start importing Assets/Prefabs/Actionables/Scores/cakeSlice.prefab using Guid(f0940bfde50554ff2aa0b1612c309d54) Importer(815301076,1909f56bfc062723c751e8b465ee728b) The Animator Controller (cakeSlice-Sheet_0) you have used is not valid. Animations will not play
UnityEngine.StackTraceUtility:ExtractStackTrace () (at /Users/bokken/build/output/unity/unity/Runtime/Export/Scripting/StackTrace.cs:37)
UnityEditor.EditorUtility:Internal_InstantiateRemoveAllNonAnimationComponentsSingle (UnityEngine.Object,UnityEngine.Vector3,UnityEngine.Quaternion)
UnityEditor.EditorUtility:InstantiateRemoveAllNonAnimationComponents (UnityEngine.Object,UnityEngine.Vector3,UnityEngine.Quaternion) (at /Users/bokken/build/output/unity/unity/Editor/Mono/EditorUtility.cs:649)
UnityEditor.EditorUtility:InstantiateForAnimatorPreview (UnityEngine.Object) (at /Users/bokken/build/output/unity/unity/Editor/Mono/EditorUtility.cs:615)
UnityEditor.GameObjectInspector/PreviewData:UpdateGameObject (UnityEngine.Object) (at /Users/bokken/build/output/unity/unity/Editor/Mono/Inspector/GameObjectInspector.cs:101)
UnityEditor.GameObjectInspector/PreviewData:.ctor (UnityEngine.Object) (at /Users/bokken/build/output/unity/unity/Editor/Mono/Inspector/GameObjectInspector.cs:95)
UnityEditor.GameObjectInspector:GetPreviewData () (at /Users/bokken/build/output/unity/unity/Editor/Mono/Inspector/GameObjectInspector.cs:677)
UnityEditor.GameObjectInspector:RenderStaticPreview (string,UnityEngine.Object[],int,int) (at /Users/bokken/build/output/unity/unity/Editor/Mono/Inspector/GameObjectInspector.cs:887)
UnityEditor.AssetPreviewUpdater:CreatePreview (UnityEngine.Object,UnityEngine.Object[],string,int,int) (at /Users/bokken/build/output/unity/unity/Editor/Mono/AssetPreviewUpdater.cs:38)
UnityEditor.AssetPreviewUpdater:CreatePreviewForAsset (UnityEngine.Object,UnityEngine.Object[],string) (at /Users/bokken/build/output/unity/unity/Editor/Mono/AssetPreviewUpdater.cs:9)

[/Users/bokken/build/output/unity/unity/Runtime/Export/Scripting/StackTrace.cs line 37]

The Animator Controller (cakeSlice-Sheet_0) you have used is not valid. Animations will not play
UnityEngine.StackTraceUtility:ExtractStackTrace () (at /Users/bokken/build/output/unity/unity/Runtime/Export/Scripting/StackTrace.cs:37)
UnityEditor.EditorUtility:InitInstantiatedPreviewRecursive (UnityEngine.GameObject) (at /Users/bokken/build/output/unity/unity/Editor/Mono/EditorUtility.cs:604)
UnityEditor.EditorUtility:InstantiateForAnimatorPreview (UnityEngine.Object) (at /Users/bokken/build/output/unity/unity/Editor/Mono/EditorUtility.cs:618)
UnityEditor.GameObjectInspector/PreviewData:UpdateGameObject (UnityEngine.Object) (at /Users/bokken/build/output/unity/unity/Editor/Mono/Inspector/GameObjectInspector.cs:101)
UnityEditor.GameObjectInspector/PreviewData:.ctor (UnityEngine.Object) (at /Users/bokken/build/output/unity/unity/Editor/Mono/Inspector/GameObjectInspector.cs:95)
UnityEditor.GameObjectInspector:GetPreviewData () (at /Users/bokken/build/output/unity/unity/Editor/Mono/Inspector/GameObjectInspector.cs:677)
UnityEditor.GameObjectInspector:RenderStaticPreview (string,UnityEngine.Object[],int,int) (at /Users/bokken/build/output/unity/unity/Editor/Mono/Inspector/GameObjectInspector.cs:887)
UnityEditor.AssetPreviewUpdater:CreatePreview (UnityEngine.Object,UnityEngine.Object[],string,int,int) (at /Users/bokken/build/output/unity/unity/Editor/Mono/AssetPreviewUpdater.cs:38)
UnityEditor.AssetPreviewUpdater:CreatePreviewForAsset (UnityEngine.Object,UnityEngine.Object[],string) (at /Users/bokken/build/output/unity/unity/Editor/Mono/AssetPreviewUpdater.cs:9)

[/Users/bokken/build/output/unity/unity/Runtime/Export/Scripting/StackTrace.cs line 37]

 -> (artifact id: 'b0568f46b7b86f9f4237275a3cdcc538') in 0.006051 seconds 
========================================================================
Received Import Request.
  Time since last request: 15.920226 seconds.
  path: Assets/Animations/BD_Stuff
  artifactKey: Guid(2b0aadf773ac3458d947f0a7626af8ce) Importer(815301076,1909f56bfc062723c751e8b465ee728b)
Start importing Assets/Animations/BD_Stuff using Guid(2b0aadf773ac3458d947f0a7626af8ce) Importer(815301076,1909f56bfc062723c751e8b465ee728b)  -> (artifact id: 'd626b200fe751e0b9722e7cc55b55e39') in 0.000997 seconds 
========================================================================
Received Import Request.
  Time since last request: 1.293818 seconds.
  path: Assets/Animations/BD_Stuff/CakeSlice.anim
  artifactKey: Guid(03144f66a5b594979aa8213af931b0eb) Importer(815301076,1909f56bfc062723c751e8b465ee728b)
Start importing Assets/Animations/BD_Stuff/CakeSlice.anim using Guid(03144f66a5b594979aa8213af931b0eb) Importer(815301076,1909f56bfc062723c751e8b465ee728b)  -> (artifact id: '9fe3cb9a3bb9ca6d511b542d701a526d') in 0.034189 seconds 
========================================================================
Received Import Request.
  Time since last request: 1.641835 seconds.
  path: Assets/Animations/BD_Stuff/cakeSlice-Sheet_0.controller
  artifactKey: Guid(048778ae90d2d4b8680f6675688c6377) Importer(815301076,1909f56bfc062723c751e8b465ee728b)
Start importing Assets/Animations/BD_Stuff/cakeSlice-Sheet_0.controller using Guid(048778ae90d2d4b8680f6675688c6377) Importer(815301076,1909f56bfc062723c751e8b465ee728b)  -> (artifact id: '431429d4a79723e70f4ec9e1f07b0d38') in 0.034940 seconds 
========================================================================
Received Import Request.
  Time since last request: 3.101748 seconds.
  path: Assets/Animations/BD_Stuff/Candle-Sheet_0.controller
  artifactKey: Guid(065b4b607a8264763ae2b7d6fa4ee5f2) Importer(815301076,1909f56bfc062723c751e8b465ee728b)
Start importing Assets/Animations/BD_Stuff/Candle-Sheet_0.controller using Guid(065b4b607a8264763ae2b7d6fa4ee5f2) Importer(815301076,1909f56bfc062723c751e8b465ee728b)  -> (artifact id: 'f31d6ede30ce4673b935eb89091d79d2') in 0.003525 seconds 
========================================================================
Received Import Request.
  Time since last request: 261.494661 seconds.
  path: Assets/Art/Characters/Perla/Idle-Sheet.png
  artifactKey: Guid(7467b8dc4606245539f8d9e1378d7035) Importer(815301076,1909f56bfc062723c751e8b465ee728b)
Start importing Assets/Art/Characters/Perla/Idle-Sheet.png using Guid(7467b8dc4606245539f8d9e1378d7035) Importer(815301076,1909f56bfc062723c751e8b465ee728b)  -> (artifact id: '3988f64a93c1ab3e10271abc109580ce') in 0.022782 seconds 
========================================================================
Received Import Request.
  Time since last request: 17.415859 seconds.
  path: Assets/Art/Characters/Perla/Idle-Sheet.png
  artifactKey: Guid(7467b8dc4606245539f8d9e1378d7035) Importer(815301076,1909f56bfc062723c751e8b465ee728b)
Start importing Assets/Art/Characters/Perla/Idle-Sheet.png using Guid(7467b8dc4606245539f8d9e1378d7035) Importer(815301076,1909f56bfc062723c751e8b465ee728b)  -> (artifact id: '76da056179bed2b2db1097c1d74c468b') in 0.009142 seconds 
========================================================================
Received Import Request.
  Time since last request: 12.587718 seconds.
  path: Assets/Art/Characters/Perla/Jumping-Sheet.png
  artifactKey: Guid(e2f4e55a21e1d4666a99f88e2a997afa) Importer(815301076,1909f56bfc062723c751e8b465ee728b)
Start importing Assets/Art/Characters/Perla/Jumping-Sheet.png using Guid(e2f4e55a21e1d4666a99f88e2a997afa) Importer(815301076,1909f56bfc062723c751e8b465ee728b)  -> (artifact id: '443a34aa9b587740e33e5deafe1f1d95') in 0.003848 seconds 
========================================================================
Received Import Request.
  Time since last request: 11.153000 seconds.
  path: Assets/Art/Characters/Perla/Jumping-Sheet.png
  artifactKey: Guid(e2f4e55a21e1d4666a99f88e2a997afa) Importer(815301076,1909f56bfc062723c751e8b465ee728b)
Start importing Assets/Art/Characters/Perla/Jumping-Sheet.png using Guid(e2f4e55a21e1d4666a99f88e2a997afa) Importer(815301076,1909f56bfc062723c751e8b465ee728b)  -> (artifact id: 'e6425fe73ef4a051cd2ae8442153ecf8') in 0.007717 seconds 
========================================================================
Received Import Request.
  Time since last request: 12.871513 seconds.
  path: Assets/Art/Characters/Perla/Walking-Sheet.png
  artifactKey: Guid(d4bf2b966f2a24ca4897353040720eb5) Importer(815301076,1909f56bfc062723c751e8b465ee728b)
Start importing Assets/Art/Characters/Perla/Walking-Sheet.png using Guid(d4bf2b966f2a24ca4897353040720eb5) Importer(815301076,1909f56bfc062723c751e8b465ee728b)  -> (artifact id: '61f7e518473999f2227cde5b0f8ded99') in 0.003668 seconds 
========================================================================
Received Import Request.
  Time since last request: 13.300363 seconds.
  path: Assets/Art/Characters/Perla/Walking-Sheet.png
  artifactKey: Guid(d4bf2b966f2a24ca4897353040720eb5) Importer(815301076,1909f56bfc062723c751e8b465ee728b)
Start importing Assets/Art/Characters/Perla/Walking-Sheet.png using Guid(d4bf2b966f2a24ca4897353040720eb5) Importer(815301076,1909f56bfc062723c751e8b465ee728b)  -> (artifact id: '1ce41eb517d140a94dbce88eeebe6856') in 0.007514 seconds 
========================================================================
Received Import Request.
  Time since last request: 128.423333 seconds.
  path: Assets/Art/Characters/Perla/Idle-Sheet.png
  artifactKey: Guid(7467b8dc4606245539f8d9e1378d7035) Importer(815301076,1909f56bfc062723c751e8b465ee728b)
Start importing Assets/Art/Characters/Perla/Idle-Sheet.png using Guid(7467b8dc4606245539f8d9e1378d7035) Importer(815301076,1909f56bfc062723c751e8b465ee728b)  -> (artifact id: 'cb100fe6e5113b8bf95a9c2244d4bfb8') in 0.009899 seconds 
========================================================================
Received Import Request.
  Time since last request: 25.782104 seconds.
  path: Assets/Prefabs/Perla.prefab
  artifactKey: Guid(28ac52f3ef4b54daab43fbdcb274db75) Importer(815301076,1909f56bfc062723c751e8b465ee728b)
Start importing Assets/Prefabs/Perla.prefab using Guid(28ac52f3ef4b54daab43fbdcb274db75) Importer(815301076,1909f56bfc062723c751e8b465ee728b) The Animator Controller (Idle-Sheet_0) you have used is not valid. Animations will not play
UnityEngine.StackTraceUtility:ExtractStackTrace () (at /Users/bokken/build/output/unity/unity/Runtime/Export/Scripting/StackTrace.cs:37)
UnityEditor.EditorUtility:Internal_InstantiateRemoveAllNonAnimationComponentsSingle (UnityEngine.Object,UnityEngine.Vector3,UnityEngine.Quaternion)
UnityEditor.EditorUtility:InstantiateRemoveAllNonAnimationComponents (UnityEngine.Object,UnityEngine.Vector3,UnityEngine.Quaternion) (at /Users/bokken/build/output/unity/unity/Editor/Mono/EditorUtility.cs:649)
UnityEditor.EditorUtility:InstantiateForAnimatorPreview (UnityEngine.Object) (at /Users/bokken/build/output/unity/unity/Editor/Mono/EditorUtility.cs:615)
UnityEditor.GameObjectInspector/PreviewData:UpdateGameObject (UnityEngine.Object) (at /Users/bokken/build/output/unity/unity/Editor/Mono/Inspector/GameObjectInspector.cs:101)
UnityEditor.GameObjectInspector/PreviewData:.ctor (UnityEngine.Object) (at /Users/bokken/build/output/unity/unity/Editor/Mono/Inspector/GameObjectInspector.cs:95)
UnityEditor.GameObjectInspector:GetPreviewData () (at /Users/bokken/build/output/unity/unity/Editor/Mono/Inspector/GameObjectInspector.cs:677)
UnityEditor.GameObjectInspector:RenderStaticPreview (string,UnityEngine.Object[],int,int) (at /Users/bokken/build/output/unity/unity/Editor/Mono/Inspector/GameObjectInspector.cs:887)
UnityEditor.AssetPreviewUpdater:CreatePreview (UnityEngine.Object,UnityEngine.Object[],string,int,int) (at /Users/bokken/build/output/unity/unity/Editor/Mono/AssetPreviewUpdater.cs:38)
UnityEditor.AssetPreviewUpdater:CreatePreviewForAsset (UnityEngine.Object,UnityEngine.Object[],string) (at /Users/bokken/build/output/unity/unity/Editor/Mono/AssetPreviewUpdater.cs:9)

[/Users/bokken/build/output/unity/unity/Runtime/Export/Scripting/StackTrace.cs line 37]

The Animator Controller (Idle-Sheet_0) you have used is not valid. Animations will not play
UnityEngine.StackTraceUtility:ExtractStackTrace () (at /Users/bokken/build/output/unity/unity/Runtime/Export/Scripting/StackTrace.cs:37)
UnityEditor.EditorUtility:InitInstantiatedPreviewRecursive (UnityEngine.GameObject) (at /Users/bokken/build/output/unity/unity/Editor/Mono/EditorUtility.cs:604)
UnityEditor.EditorUtility:InstantiateForAnimatorPreview (UnityEngine.Object) (at /Users/bokken/build/output/unity/unity/Editor/Mono/EditorUtility.cs:618)
UnityEditor.GameObjectInspector/PreviewData:UpdateGameObject (UnityEngine.Object) (at /Users/bokken/build/output/unity/unity/Editor/Mono/Inspector/GameObjectInspector.cs:101)
UnityEditor.GameObjectInspector/PreviewData:.ctor (UnityEngine.Object) (at /Users/bokken/build/output/unity/unity/Editor/Mono/Inspector/GameObjectInspector.cs:95)
UnityEditor.GameObjectInspector:GetPreviewData () (at /Users/bokken/build/output/unity/unity/Editor/Mono/Inspector/GameObjectInspector.cs:677)
UnityEditor.GameObjectInspector:RenderStaticPreview (string,UnityEngine.Object[],int,int) (at /Users/bokken/build/output/unity/unity/Editor/Mono/Inspector/GameObjectInspector.cs:887)
UnityEditor.AssetPreviewUpdater:CreatePreview (UnityEngine.Object,UnityEngine.Object[],string,int,int) (at /Users/bokken/build/output/unity/unity/Editor/Mono/AssetPreviewUpdater.cs:38)
UnityEditor.AssetPreviewUpdater:CreatePreviewForAsset (UnityEngine.Object,UnityEngine.Object[],string) (at /Users/bokken/build/output/unity/unity/Editor/Mono/AssetPreviewUpdater.cs:9)

[/Users/bokken/build/output/unity/unity/Runtime/Export/Scripting/StackTrace.cs line 37]

 -> (artifact id: '1b6fef2047e8915f5817fc9bb1541991') in 0.005768 seconds 
========================================================================
Received Import Request.
  Time since last request: 76.582328 seconds.
  path: Assets/Art/Characters/Perla/Idle-Sheet.png
  artifactKey: Guid(7467b8dc4606245539f8d9e1378d7035) Importer(815301076,1909f56bfc062723c751e8b465ee728b)
Start importing Assets/Art/Characters/Perla/Idle-Sheet.png using Guid(7467b8dc4606245539f8d9e1378d7035) Importer(815301076,1909f56bfc062723c751e8b465ee728b)  -> (artifact id: '20caa42e8f48b639e6c7875d270bf121') in 0.009228 seconds 
========================================================================
Received Import Request.
  Time since last request: 54.043192 seconds.
  path: Assets/Art/Characters/Perla/Idle-Sheet.png
  artifactKey: Guid(7467b8dc4606245539f8d9e1378d7035) Importer(815301076,1909f56bfc062723c751e8b465ee728b)
Start importing Assets/Art/Characters/Perla/Idle-Sheet.png using Guid(7467b8dc4606245539f8d9e1378d7035) Importer(815301076,1909f56bfc062723c751e8b465ee728b)  -> (artifact id: '55873bdcc69d4b8995b88f0df7d70918') in 0.009383 seconds 
========================================================================
Received Import Request.
  Time since last request: 15.524089 seconds.
  path: Assets/Art/Environment/BD_Stuff/cakeSlice-Sheet.png
  artifactKey: Guid(363429c4e6ae5404eb4ef0b2785c731c) Importer(815301076,1909f56bfc062723c751e8b465ee728b)
Start importing Assets/Art/Environment/BD_Stuff/cakeSlice-Sheet.png using Guid(363429c4e6ae5404eb4ef0b2785c731c) Importer(815301076,1909f56bfc062723c751e8b465ee728b)  -> (artifact id: '845007f9b519a730bbd52ac1566fc790') in 0.012189 seconds 
========================================================================
Received Prepare
Registering precompiled user dll's ...
Registered in 0.001744 seconds.
Begin MonoManager ReloadAssembly
Thread 0x280f87000 may have been prematurely finalized
Symbol file LoadedFromMemory doesn't match image /Users/fabian/Projects/25/25/Library/PackageCache/com.unity.visualscripting@1.7.8/Editor/VisualScripting.Core/Dependencies/YamlDotNet/Unity.VisualScripting.YamlDotNet.dll
Symbol file LoadedFromMemory doesn't match image /Users/fabian/Projects/25/25/Library/PackageCache/com.unity.visualscripting@1.7.8/Editor/VisualScripting.Core/Dependencies/DotNetZip/Unity.VisualScripting.IonicZip.dll
Native extension for OSXStandalone target not found
Native extension for WebGL target not found
Refreshing native plugins compatible for Editor in 0.46 ms, found 3 plugins.
Preloading 0 native plugins for Editor in 0.00 ms.
Mono: successfully reloaded assembly
- Completed reload, in  0.637 seconds
Domain Reload Profiling:
	ReloadAssembly (637ms)
		BeginReloadAssembly (96ms)
			ExecutionOrderSort (0ms)
			DisableScriptedObjects (5ms)
			BackupInstance (0ms)
			ReleaseScriptingObjects (0ms)
			CreateAndSetChildDomain (44ms)
		EndReloadAssembly (485ms)
			LoadAssemblies (41ms)
			RebuildTransferFunctionScriptingTraits (0ms)
			SetupTypeCache (161ms)
			ReleaseScriptCaches (1ms)
			RebuildScriptCaches (33ms)
			SetupLoadedEditorAssemblies (225ms)
				LogAssemblyErrors (0ms)
				InitializePlatformSupportModulesInManaged (6ms)
				SetLoadedEditorAssemblies (0ms)
				RefreshPlugins (0ms)
				BeforeProcessingInitializeOnLoad (39ms)
				ProcessInitializeOnLoadAttributes (159ms)
				ProcessInitializeOnLoadMethodAttributes (20ms)
				AfterProcessingInitializeOnLoad (1ms)
				EditorAssembliesLoaded (0ms)
			ExecutionOrderSort2 (0ms)
			AwakeInstancesAfterBackupRestoration (4ms)
Platform modules already initialized, skipping
Refreshing native plugins compatible for Editor in 1.01 ms, found 3 plugins.
Preloading 0 native plugins for Editor in 0.00 ms.
Unloading 4206 Unused Serialized files (Serialized files now loaded: 0)
Unloading 32 unused Assets / (217.7 KB). Loaded Objects now: 4700.
Memory consumption went from 170.2 MB to 170.0 MB.
Total: 2.869208 ms (FindLiveObjects: 0.153000 ms CreateObjectMapping: 0.076875 ms MarkObjects: 2.527917 ms  DeleteObjects: 0.111083 ms)

AssetImportParameters requested are different than current active one (requested -> active):
  custom:video-decoder-ogg-theora: a1e56fd34408186e4bbccfd4996cb3dc -> 
  custom:container-muxer-webm: aa71ff27fc2769a1b78a27578f13a17b -> 
  custom:container-demuxer-webm: 4f35f7cbe854078d1ac9338744f61a02 -> 
  custom:video-encoder-webm-vp8: eb34c28f22e8b96e1ab97ce403110664 -> 
  custom:framework-osx-AVFoundation: e770b220cccbd017edd2c1fefb359320 -> 
  custom:audio-encoder-webm-vorbis: bf7c407c2cedff20999df2af8eb42d56 -> 
  custom:container-demuxer-ogg: 62fdf1f143b41e24485cea50d1cbac27 -> 
  custom:video-decoder-webm-vp8: 9c59270c3fd7afecdb556c50c9e8de78 -> 
  custom:audio-decoder-ogg-vorbis: bf7c407c2cedff20999df2af8eb42d56 -> 
========================================================================
Received Import Request.
  Time since last request: 85.211992 seconds.
  path: Assets/Prefabs/Perla.prefab
  artifactKey: Guid(28ac52f3ef4b54daab43fbdcb274db75) Importer(815301076,1909f56bfc062723c751e8b465ee728b)
Start importing Assets/Prefabs/Perla.prefab using Guid(28ac52f3ef4b54daab43fbdcb274db75) Importer(815301076,1909f56bfc062723c751e8b465ee728b)  -> (artifact id: '8b1cdf73311a8841ac21e74f59ea65b0') in 0.050519 seconds 
========================================================================
Received Import Request.
  Time since last request: 3.230532 seconds.
  path: Assets/Prefabs/Actionables/Scores/cakeSlice.prefab
  artifactKey: Guid(f0940bfde50554ff2aa0b1612c309d54) Importer(815301076,1909f56bfc062723c751e8b465ee728b)
Start importing Assets/Prefabs/Actionables/Scores/cakeSlice.prefab using Guid(f0940bfde50554ff2aa0b1612c309d54) Importer(815301076,1909f56bfc062723c751e8b465ee728b)  -> (artifact id: '2eb62e0822934ef5a233575c3fb18204') in 0.013863 seconds 
========================================================================
Received Import Request.
  Time since last request: 6.423637 seconds.
  path: Assets/Prefabs/Actionables/Scores/cakeSlice.prefab
  artifactKey: Guid(f0940bfde50554ff2aa0b1612c309d54) Importer(815301076,1909f56bfc062723c751e8b465ee728b)
Start importing Assets/Prefabs/Actionables/Scores/cakeSlice.prefab using Guid(f0940bfde50554ff2aa0b1612c309d54) Importer(815301076,1909f56bfc062723c751e8b465ee728b)  -> (artifact id: '575a82e99d15123b1a53d73f18108cf5') in 0.004332 seconds 
========================================================================
Received Prepare
Registering precompiled user dll's ...
Registered in 0.001628 seconds.
Begin MonoManager ReloadAssembly
Thread 0x1777e3000 may have been prematurely finalized
Symbol file LoadedFromMemory doesn't match image /Users/fabian/Projects/25/25/Library/PackageCache/com.unity.visualscripting@1.7.8/Editor/VisualScripting.Core/Dependencies/YamlDotNet/Unity.VisualScripting.YamlDotNet.dll
Symbol file LoadedFromMemory doesn't match image /Users/fabian/Projects/25/25/Library/PackageCache/com.unity.visualscripting@1.7.8/Editor/VisualScripting.Core/Dependencies/DotNetZip/Unity.VisualScripting.IonicZip.dll
Native extension for OSXStandalone target not found
Native extension for WebGL target not found
Refreshing native plugins compatible for Editor in 0.52 ms, found 3 plugins.
Preloading 0 native plugins for Editor in 0.00 ms.
Mono: successfully reloaded assembly
- Completed reload, in  0.614 seconds
Domain Reload Profiling:
	ReloadAssembly (614ms)
		BeginReloadAssembly (81ms)
			ExecutionOrderSort (0ms)
			DisableScriptedObjects (3ms)
			BackupInstance (0ms)
			ReleaseScriptingObjects (0ms)
			CreateAndSetChildDomain (36ms)
		EndReloadAssembly (479ms)
			LoadAssemblies (40ms)
			RebuildTransferFunctionScriptingTraits (0ms)
			SetupTypeCache (157ms)
			ReleaseScriptCaches (1ms)
			RebuildScriptCaches (33ms)
			SetupLoadedEditorAssemblies (220ms)
				LogAssemblyErrors (0ms)
				InitializePlatformSupportModulesInManaged (5ms)
				SetLoadedEditorAssemblies (0ms)
				RefreshPlugins (1ms)
				BeforeProcessingInitializeOnLoad (39ms)
				ProcessInitializeOnLoadAttributes (154ms)
				ProcessInitializeOnLoadMethodAttributes (21ms)
				AfterProcessingInitializeOnLoad (1ms)
				EditorAssembliesLoaded (0ms)
			ExecutionOrderSort2 (0ms)
			AwakeInstancesAfterBackupRestoration (3ms)
Platform modules already initialized, skipping
Refreshing native plugins compatible for Editor in 1.14 ms, found 3 plugins.
Preloading 0 native plugins for Editor in 0.00 ms.
Unloading 4206 Unused Serialized files (Serialized files now loaded: 0)
Unloading 32 unused Assets / (218.2 KB). Loaded Objects now: 4715.
Memory consumption went from 170.2 MB to 170.0 MB.
Total: 2.722666 ms (FindLiveObjects: 0.151542 ms CreateObjectMapping: 0.086959 ms MarkObjects: 2.374958 ms  DeleteObjects: 0.108791 ms)

AssetImportParameters requested are different than current active one (requested -> active):
  custom:video-decoder-ogg-theora: a1e56fd34408186e4bbccfd4996cb3dc -> 
  custom:container-muxer-webm: aa71ff27fc2769a1b78a27578f13a17b -> 
  custom:container-demuxer-webm: 4f35f7cbe854078d1ac9338744f61a02 -> 
  custom:video-encoder-webm-vp8: eb34c28f22e8b96e1ab97ce403110664 -> 
  custom:framework-osx-AVFoundation: e770b220cccbd017edd2c1fefb359320 -> 
  custom:audio-encoder-webm-vorbis: bf7c407c2cedff20999df2af8eb42d56 -> 
  custom:container-demuxer-ogg: 62fdf1f143b41e24485cea50d1cbac27 -> 
  custom:video-decoder-webm-vp8: 9c59270c3fd7afecdb556c50c9e8de78 -> 
  custom:audio-decoder-ogg-vorbis: bf7c407c2cedff20999df2af8eb42d56 -> 
========================================================================
Received Prepare
Registering precompiled user dll's ...
Registered in 0.002164 seconds.
Begin MonoManager ReloadAssembly
Thread 0x176e87000 may have been prematurely finalized
Symbol file LoadedFromMemory doesn't match image /Users/fabian/Projects/25/25/Library/PackageCache/com.unity.visualscripting@1.7.8/Editor/VisualScripting.Core/Dependencies/YamlDotNet/Unity.VisualScripting.YamlDotNet.dll
Symbol file LoadedFromMemory doesn't match image /Users/fabian/Projects/25/25/Library/PackageCache/com.unity.visualscripting@1.7.8/Editor/VisualScripting.Core/Dependencies/DotNetZip/Unity.VisualScripting.IonicZip.dll
Native extension for OSXStandalone target not found
Native extension for WebGL target not found
Refreshing native plugins compatible for Editor in 0.58 ms, found 3 plugins.
Preloading 0 native plugins for Editor in 0.00 ms.
Mono: successfully reloaded assembly
- Completed reload, in  0.596 seconds
Domain Reload Profiling:
	ReloadAssembly (596ms)
		BeginReloadAssembly (72ms)
			ExecutionOrderSort (0ms)
			DisableScriptedObjects (3ms)
			BackupInstance (0ms)
			ReleaseScriptingObjects (0ms)
			CreateAndSetChildDomain (28ms)
		EndReloadAssembly (471ms)
			LoadAssemblies (30ms)
			RebuildTransferFunctionScriptingTraits (0ms)
			SetupTypeCache (155ms)
			ReleaseScriptCaches (1ms)
			RebuildScriptCaches (33ms)
			SetupLoadedEditorAssemblies (224ms)
				LogAssemblyErrors (0ms)
				InitializePlatformSupportModulesInManaged (5ms)
				SetLoadedEditorAssemblies (0ms)
				RefreshPlugins (1ms)
				BeforeProcessingInitializeOnLoad (39ms)
				ProcessInitializeOnLoadAttributes (157ms)
				ProcessInitializeOnLoadMethodAttributes (21ms)
				AfterProcessingInitializeOnLoad (1ms)
				EditorAssembliesLoaded (0ms)
			ExecutionOrderSort2 (0ms)
			AwakeInstancesAfterBackupRestoration (3ms)
Platform modules already initialized, skipping
Refreshing native plugins compatible for Editor in 0.99 ms, found 3 plugins.
Preloading 0 native plugins for Editor in 0.00 ms.
Unloading 4206 Unused Serialized files (Serialized files now loaded: 0)
Unloading 32 unused Assets / (217.3 KB). Loaded Objects now: 4730.
Memory consumption went from 170.2 MB to 170.0 MB.
Total: 2.648083 ms (FindLiveObjects: 0.171584 ms CreateObjectMapping: 0.082000 ms MarkObjects: 2.291333 ms  DeleteObjects: 0.102792 ms)

AssetImportParameters requested are different than current active one (requested -> active):
  custom:video-decoder-ogg-theora: a1e56fd34408186e4bbccfd4996cb3dc -> 
  custom:container-muxer-webm: aa71ff27fc2769a1b78a27578f13a17b -> 
  custom:container-demuxer-webm: 4f35f7cbe854078d1ac9338744f61a02 -> 
  custom:video-encoder-webm-vp8: eb34c28f22e8b96e1ab97ce403110664 -> 
  custom:framework-osx-AVFoundation: e770b220cccbd017edd2c1fefb359320 -> 
  custom:audio-encoder-webm-vorbis: bf7c407c2cedff20999df2af8eb42d56 -> 
  custom:container-demuxer-ogg: 62fdf1f143b41e24485cea50d1cbac27 -> 
  custom:video-decoder-webm-vp8: 9c59270c3fd7afecdb556c50c9e8de78 -> 
  custom:audio-decoder-ogg-vorbis: bf7c407c2cedff20999df2af8eb42d56 -> 
========================================================================
Received Import Request.
  Time since last request: 232.424591 seconds.
  path: Assets/Prefabs/Perla.prefab
  artifactKey: Guid(28ac52f3ef4b54daab43fbdcb274db75) Importer(815301076,1909f56bfc062723c751e8b465ee728b)
Start importing Assets/Prefabs/Perla.prefab using Guid(28ac52f3ef4b54daab43fbdcb274db75) Importer(815301076,1909f56bfc062723c751e8b465ee728b)  -> (artifact id: 'c19d1fcda9347cd23f33c1b0873064af') in 0.050152 seconds 
========================================================================
Received Import Request.
  Time since last request: 12.687207 seconds.
  path: Assets/Prefabs/Perla.prefab
  artifactKey: Guid(28ac52f3ef4b54daab43fbdcb274db75) Importer(815301076,1909f56bfc062723c751e8b465ee728b)
Start importing Assets/Prefabs/Perla.prefab using Guid(28ac52f3ef4b54daab43fbdcb274db75) Importer(815301076,1909f56bfc062723c751e8b465ee728b)  -> (artifact id: '46026869e920f50ffafe20a7bb0090c9') in 0.005915 seconds 
========================================================================
Received Import Request.
  Time since last request: 6.445463 seconds.
  path: Assets/Prefabs/Perla.prefab
  artifactKey: Guid(28ac52f3ef4b54daab43fbdcb274db75) Importer(815301076,1909f56bfc062723c751e8b465ee728b)
Start importing Assets/Prefabs/Perla.prefab using Guid(28ac52f3ef4b54daab43fbdcb274db75) Importer(815301076,1909f56bfc062723c751e8b465ee728b)  -> (artifact id: '510c4f445d8d9f789a815be9764ea12e') in 0.004581 seconds 
========================================================================
Received Import Request.
  Time since last request: 2.398718 seconds.
  path: Assets/Prefabs/Perla.prefab
  artifactKey: Guid(28ac52f3ef4b54daab43fbdcb274db75) Importer(815301076,1909f56bfc062723c751e8b465ee728b)
Start importing Assets/Prefabs/Perla.prefab using Guid(28ac52f3ef4b54daab43fbdcb274db75) Importer(815301076,1909f56bfc062723c751e8b465ee728b)  -> (artifact id: 'c1f7fccb6c2a4d9b790de7ee757c399f') in 0.004465 seconds 
========================================================================
Received Import Request.
  Time since last request: 9.615362 seconds.
  path: Assets/Prefabs/Perla.prefab
  artifactKey: Guid(28ac52f3ef4b54daab43fbdcb274db75) Importer(815301076,1909f56bfc062723c751e8b465ee728b)
Start importing Assets/Prefabs/Perla.prefab using Guid(28ac52f3ef4b54daab43fbdcb274db75) Importer(815301076,1909f56bfc062723c751e8b465ee728b)  -> (artifact id: '76203e7e36bf96b0dfd95083b35c98fe') in 0.004860 seconds 
========================================================================
Received Import Request.
  Time since last request: 10.290017 seconds.
  path: Assets/Prefabs/Perla.prefab
  artifactKey: Guid(28ac52f3ef4b54daab43fbdcb274db75) Importer(815301076,1909f56bfc062723c751e8b465ee728b)
Start importing Assets/Prefabs/Perla.prefab using Guid(28ac52f3ef4b54daab43fbdcb274db75) Importer(815301076,1909f56bfc062723c751e8b465ee728b)  -> (artifact id: 'aa308486b42ea9a03372f5d257f1ac1e') in 0.005386 seconds 
========================================================================
Received Import Request.
  Time since last request: 6.651292 seconds.
  path: Assets/Prefabs/Perla.prefab
  artifactKey: Guid(28ac52f3ef4b54daab43fbdcb274db75) Importer(815301076,1909f56bfc062723c751e8b465ee728b)
Start importing Assets/Prefabs/Perla.prefab using Guid(28ac52f3ef4b54daab43fbdcb274db75) Importer(815301076,1909f56bfc062723c751e8b465ee728b)  -> (artifact id: '51e4dce39d83b7e9f69e09908fc76b0b') in 0.005537 seconds 
========================================================================
Received Import Request.
  Time since last request: 9.887291 seconds.
  path: Assets/Prefabs/Perla.prefab
  artifactKey: Guid(28ac52f3ef4b54daab43fbdcb274db75) Importer(815301076,1909f56bfc062723c751e8b465ee728b)
Start importing Assets/Prefabs/Perla.prefab using Guid(28ac52f3ef4b54daab43fbdcb274db75) Importer(815301076,1909f56bfc062723c751e8b465ee728b)  -> (artifact id: '5d168d97dceb946ea99c9e1b1cc76620') in 0.005094 seconds 
========================================================================
Received Import Request.
  Time since last request: 5.647982 seconds.
  path: Assets/Prefabs/Perla.prefab
  artifactKey: Guid(28ac52f3ef4b54daab43fbdcb274db75) Importer(815301076,1909f56bfc062723c751e8b465ee728b)
Start importing Assets/Prefabs/Perla.prefab using Guid(28ac52f3ef4b54daab43fbdcb274db75) Importer(815301076,1909f56bfc062723c751e8b465ee728b)  -> (artifact id: '4e7f7169d423c8f89fa23a946e9c29bc') in 0.005293 seconds 
========================================================================
Received Import Request.
  Time since last request: 5.505375 seconds.
  path: Assets/Prefabs/Perla.prefab
  artifactKey: Guid(28ac52f3ef4b54daab43fbdcb274db75) Importer(815301076,1909f56bfc062723c751e8b465ee728b)
Start importing Assets/Prefabs/Perla.prefab using Guid(28ac52f3ef4b54daab43fbdcb274db75) Importer(815301076,1909f56bfc062723c751e8b465ee728b)  -> (artifact id: 'f31c50dd55438d77185c9b1f9828cf2f') in 0.004496 seconds 
========================================================================
Received Import Request.
  Time since last request: 6.669685 seconds.
  path: Assets/Prefabs/Perla.prefab
  artifactKey: Guid(28ac52f3ef4b54daab43fbdcb274db75) Importer(815301076,1909f56bfc062723c751e8b465ee728b)
Start importing Assets/Prefabs/Perla.prefab using Guid(28ac52f3ef4b54daab43fbdcb274db75) Importer(815301076,1909f56bfc062723c751e8b465ee728b)  -> (artifact id: 'f10b1a4f0a54e5bcfffec62a62713bfc') in 0.004500 seconds 
========================================================================
Received Import Request.
  Time since last request: 14.356393 seconds.
  path: Assets/Prefabs/Player.prefab
  artifactKey: Guid(07dde5fe04d7147cea8dd1a04d699ef5) Importer(815301076,1909f56bfc062723c751e8b465ee728b)
Start importing Assets/Prefabs/Player.prefab using Guid(07dde5fe04d7147cea8dd1a04d699ef5) Importer(815301076,1909f56bfc062723c751e8b465ee728b)  -> (artifact id: '9fbbb8079ed3bf94464a78cda0ec8886') in 0.010017 seconds 
========================================================================
Received Prepare
Registering precompiled user dll's ...
Registered in 0.001709 seconds.
Begin MonoManager ReloadAssembly
Thread 0x1771f3000 may have been prematurely finalized
Symbol file LoadedFromMemory doesn't match image /Users/fabian/Projects/25/25/Library/PackageCache/com.unity.visualscripting@1.7.8/Editor/VisualScripting.Core/Dependencies/YamlDotNet/Unity.VisualScripting.YamlDotNet.dll
Symbol file LoadedFromMemory doesn't match image /Users/fabian/Projects/25/25/Library/PackageCache/com.unity.visualscripting@1.7.8/Editor/VisualScripting.Core/Dependencies/DotNetZip/Unity.VisualScripting.IonicZip.dll
Native extension for OSXStandalone target not found
Native extension for WebGL target not found
Refreshing native plugins compatible for Editor in 0.42 ms, found 3 plugins.
Preloading 0 native plugins for Editor in 0.00 ms.
Mono: successfully reloaded assembly
- Completed reload, in  0.593 seconds
Domain Reload Profiling:
	ReloadAssembly (593ms)
		BeginReloadAssembly (96ms)
			ExecutionOrderSort (0ms)
			DisableScriptedObjects (4ms)
			BackupInstance (0ms)
			ReleaseScriptingObjects (0ms)
			CreateAndSetChildDomain (43ms)
		EndReloadAssembly (444ms)
			LoadAssemblies (38ms)
			RebuildTransferFunctionScriptingTraits (0ms)
			SetupTypeCache (147ms)
			ReleaseScriptCaches (1ms)
			RebuildScriptCaches (31ms)
			SetupLoadedEditorAssemblies (208ms)
				LogAssemblyErrors (0ms)
				InitializePlatformSupportModulesInManaged (5ms)
				SetLoadedEditorAssemblies (0ms)
				RefreshPlugins (0ms)
				BeforeProcessingInitializeOnLoad (37ms)
				ProcessInitializeOnLoadAttributes (145ms)
				ProcessInitializeOnLoadMethodAttributes (20ms)
				AfterProcessingInitializeOnLoad (1ms)
				EditorAssembliesLoaded (0ms)
			ExecutionOrderSort2 (0ms)
			AwakeInstancesAfterBackupRestoration (3ms)
Platform modules already initialized, skipping
Refreshing native plugins compatible for Editor in 1.48 ms, found 3 plugins.
Preloading 0 native plugins for Editor in 0.00 ms.
Unloading 4206 Unused Serialized files (Serialized files now loaded: 0)
Unloading 32 unused Assets / (219.9 KB). Loaded Objects now: 4745.
Memory consumption went from 170.4 MB to 170.1 MB.
Total: 2.523167 ms (FindLiveObjects: 0.123667 ms CreateObjectMapping: 0.060333 ms MarkObjects: 2.249625 ms  DeleteObjects: 0.088875 ms)

AssetImportParameters requested are different than current active one (requested -> active):
  custom:video-decoder-ogg-theora: a1e56fd34408186e4bbccfd4996cb3dc -> 
  custom:container-muxer-webm: aa71ff27fc2769a1b78a27578f13a17b -> 
  custom:container-demuxer-webm: 4f35f7cbe854078d1ac9338744f61a02 -> 
  custom:video-encoder-webm-vp8: eb34c28f22e8b96e1ab97ce403110664 -> 
  custom:framework-osx-AVFoundation: e770b220cccbd017edd2c1fefb359320 -> 
  custom:audio-encoder-webm-vorbis: bf7c407c2cedff20999df2af8eb42d56 -> 
  custom:container-demuxer-ogg: 62fdf1f143b41e24485cea50d1cbac27 -> 
  custom:video-decoder-webm-vp8: 9c59270c3fd7afecdb556c50c9e8de78 -> 
  custom:audio-decoder-ogg-vorbis: bf7c407c2cedff20999df2af8eb42d56 -> 
========================================================================
Received Import Request.
  Time since last request: 18.346245 seconds.
  path: Assets/Prefabs/Player.prefab
  artifactKey: Guid(07dde5fe04d7147cea8dd1a04d699ef5) Importer(815301076,1909f56bfc062723c751e8b465ee728b)
Start importing Assets/Prefabs/Player.prefab using Guid(07dde5fe04d7147cea8dd1a04d699ef5) Importer(815301076,1909f56bfc062723c751e8b465ee728b)  -> (artifact id: '7d0538c8305889fb7340503d0f82ca9e') in 0.033709 seconds 
========================================================================
Received Prepare
Registering precompiled user dll's ...
Registered in 0.001788 seconds.
Begin MonoManager ReloadAssembly
Thread 0x17715b000 may have been prematurely finalized
Symbol file LoadedFromMemory doesn't match image /Users/fabian/Projects/25/25/Library/PackageCache/com.unity.visualscripting@1.7.8/Editor/VisualScripting.Core/Dependencies/YamlDotNet/Unity.VisualScripting.YamlDotNet.dll
Symbol file LoadedFromMemory doesn't match image /Users/fabian/Projects/25/25/Library/PackageCache/com.unity.visualscripting@1.7.8/Editor/VisualScripting.Core/Dependencies/DotNetZip/Unity.VisualScripting.IonicZip.dll
Native extension for OSXStandalone target not found
Native extension for WebGL target not found
Refreshing native plugins compatible for Editor in 0.50 ms, found 3 plugins.
Preloading 0 native plugins for Editor in 0.00 ms.
Mono: successfully reloaded assembly
- Completed reload, in  0.606 seconds
Domain Reload Profiling:
	ReloadAssembly (606ms)
		BeginReloadAssembly (76ms)
			ExecutionOrderSort (0ms)
			DisableScriptedObjects (3ms)
			BackupInstance (0ms)
			ReleaseScriptingObjects (0ms)
			CreateAndSetChildDomain (32ms)
		EndReloadAssembly (476ms)
			LoadAssemblies (32ms)
			RebuildTransferFunctionScriptingTraits (0ms)
			SetupTypeCache (157ms)
			ReleaseScriptCaches (1ms)
			RebuildScriptCaches (33ms)
			SetupLoadedEditorAssemblies (224ms)
				LogAssemblyErrors (0ms)
				InitializePlatformSupportModulesInManaged (5ms)
				SetLoadedEditorAssemblies (0ms)
				RefreshPlugins (1ms)
				BeforeProcessingInitializeOnLoad (39ms)
				ProcessInitializeOnLoadAttributes (158ms)
				ProcessInitializeOnLoadMethodAttributes (21ms)
				AfterProcessingInitializeOnLoad (1ms)
				EditorAssembliesLoaded (0ms)
			ExecutionOrderSort2 (0ms)
			AwakeInstancesAfterBackupRestoration (3ms)
Platform modules already initialized, skipping
Refreshing native plugins compatible for Editor in 1.01 ms, found 3 plugins.
Preloading 0 native plugins for Editor in 0.00 ms.
Unloading 4206 Unused Serialized files (Serialized files now loaded: 0)
Unloading 32 unused Assets / (217.4 KB). Loaded Objects now: 4760.
Memory consumption went from 170.4 MB to 170.2 MB.
Total: 2.905666 ms (FindLiveObjects: 0.149875 ms CreateObjectMapping: 0.085166 ms MarkObjects: 2.563042 ms  DeleteObjects: 0.107125 ms)

AssetImportParameters requested are different than current active one (requested -> active):
  custom:video-decoder-ogg-theora: a1e56fd34408186e4bbccfd4996cb3dc -> 
  custom:container-muxer-webm: aa71ff27fc2769a1b78a27578f13a17b -> 
  custom:container-demuxer-webm: 4f35f7cbe854078d1ac9338744f61a02 -> 
  custom:video-encoder-webm-vp8: eb34c28f22e8b96e1ab97ce403110664 -> 
  custom:framework-osx-AVFoundation: e770b220cccbd017edd2c1fefb359320 -> 
  custom:audio-encoder-webm-vorbis: bf7c407c2cedff20999df2af8eb42d56 -> 
  custom:container-demuxer-ogg: 62fdf1f143b41e24485cea50d1cbac27 -> 
  custom:video-decoder-webm-vp8: 9c59270c3fd7afecdb556c50c9e8de78 -> 
  custom:audio-decoder-ogg-vorbis: bf7c407c2cedff20999df2af8eb42d56 -> 
========================================================================
Received Import Request.
  Time since last request: 37.042293 seconds.
  path: Assets/Prefabs/Player.prefab
  artifactKey: Guid(07dde5fe04d7147cea8dd1a04d699ef5) Importer(815301076,1909f56bfc062723c751e8b465ee728b)
Start importing Assets/Prefabs/Player.prefab using Guid(07dde5fe04d7147cea8dd1a04d699ef5) Importer(815301076,1909f56bfc062723c751e8b465ee728b)  -> (artifact id: '212e7d4c14a846ec1b2a0111f9bfb553') in 0.035015 seconds 
========================================================================
Received Prepare
Registering precompiled user dll's ...
Registered in 0.001715 seconds.
Begin MonoManager ReloadAssembly
Thread 0x17715b000 may have been prematurely finalized
Symbol file LoadedFromMemory doesn't match image /Users/fabian/Projects/25/25/Library/PackageCache/com.unity.visualscripting@1.7.8/Editor/VisualScripting.Core/Dependencies/YamlDotNet/Unity.VisualScripting.YamlDotNet.dll
Symbol file LoadedFromMemory doesn't match image /Users/fabian/Projects/25/25/Library/PackageCache/com.unity.visualscripting@1.7.8/Editor/VisualScripting.Core/Dependencies/DotNetZip/Unity.VisualScripting.IonicZip.dll
Native extension for OSXStandalone target not found
Native extension for WebGL target not found
Refreshing native plugins compatible for Editor in 0.55 ms, found 3 plugins.
Preloading 0 native plugins for Editor in 0.00 ms.
Mono: successfully reloaded assembly
- Completed reload, in  0.615 seconds
Domain Reload Profiling:
	ReloadAssembly (616ms)
		BeginReloadAssembly (82ms)
			ExecutionOrderSort (0ms)
			DisableScriptedObjects (3ms)
			BackupInstance (0ms)
			ReleaseScriptingObjects (0ms)
			CreateAndSetChildDomain (35ms)
		EndReloadAssembly (478ms)
			LoadAssemblies (34ms)
			RebuildTransferFunctionScriptingTraits (0ms)
			SetupTypeCache (159ms)
			ReleaseScriptCaches (1ms)
			RebuildScriptCaches (33ms)
			SetupLoadedEditorAssemblies (225ms)
				LogAssemblyErrors (0ms)
				InitializePlatformSupportModulesInManaged (6ms)
				SetLoadedEditorAssemblies (0ms)
				RefreshPlugins (1ms)
				BeforeProcessingInitializeOnLoad (39ms)
				ProcessInitializeOnLoadAttributes (157ms)
				ProcessInitializeOnLoadMethodAttributes (20ms)
				AfterProcessingInitializeOnLoad (1ms)
				EditorAssembliesLoaded (0ms)
			ExecutionOrderSort2 (0ms)
			AwakeInstancesAfterBackupRestoration (3ms)
Platform modules already initialized, skipping
Refreshing native plugins compatible for Editor in 2.06 ms, found 3 plugins.
Preloading 0 native plugins for Editor in 0.00 ms.
Unloading 4206 Unused Serialized files (Serialized files now loaded: 0)
Unloading 32 unused Assets / (218.3 KB). Loaded Objects now: 4775.
Memory consumption went from 170.4 MB to 170.2 MB.
Total: 3.022750 ms (FindLiveObjects: 0.165458 ms CreateObjectMapping: 0.090250 ms MarkObjects: 2.661833 ms  DeleteObjects: 0.104625 ms)

AssetImportParameters requested are different than current active one (requested -> active):
  custom:video-decoder-ogg-theora: a1e56fd34408186e4bbccfd4996cb3dc -> 
  custom:container-muxer-webm: aa71ff27fc2769a1b78a27578f13a17b -> 
  custom:container-demuxer-webm: 4f35f7cbe854078d1ac9338744f61a02 -> 
  custom:video-encoder-webm-vp8: eb34c28f22e8b96e1ab97ce403110664 -> 
  custom:framework-osx-AVFoundation: e770b220cccbd017edd2c1fefb359320 -> 
  custom:audio-encoder-webm-vorbis: bf7c407c2cedff20999df2af8eb42d56 -> 
  custom:container-demuxer-ogg: 62fdf1f143b41e24485cea50d1cbac27 -> 
  custom:video-decoder-webm-vp8: 9c59270c3fd7afecdb556c50c9e8de78 -> 
  custom:audio-decoder-ogg-vorbis: bf7c407c2cedff20999df2af8eb42d56 -> 
========================================================================
Received Import Request.
  Time since last request: 60.001784 seconds.
  path: Assets/Prefabs/Perla.prefab
  artifactKey: Guid(28ac52f3ef4b54daab43fbdcb274db75) Importer(815301076,1909f56bfc062723c751e8b465ee728b)
Start importing Assets/Prefabs/Perla.prefab using Guid(28ac52f3ef4b54daab43fbdcb274db75) Importer(815301076,1909f56bfc062723c751e8b465ee728b)  -> (artifact id: 'ca0326656e5088ae2cd058218d4bb356') in 0.031596 seconds 
========================================================================
Received Import Request.
  Time since last request: 5.330671 seconds.
  path: Assets/Materials/Slip.physicsMaterial2D
  artifactKey: Guid(65420f12bb42344adbe6677e91af6b06) Importer(815301076,1909f56bfc062723c751e8b465ee728b)
Start importing Assets/Materials/Slip.physicsMaterial2D using Guid(65420f12bb42344adbe6677e91af6b06) Importer(815301076,1909f56bfc062723c751e8b465ee728b)  -> (artifact id: '1c50971c41e8df167eeaeaf050edccb7') in 0.060681 seconds 
